Arguments: 
  /usr/bin/node /usr/share/yarn/bin/yarn.js

PATH: 
  /home/hhhgohn/.local/bin:/home/hhhgohn/google-cloud-sdk/bin:/home/hhhgohn/anaconda3/bin:/home/hhhgohn/anaconda3/condabin:/home/hhhgohn/.local/bin:/usr/local/sbin:/usr/local/bin:/usr/sbin:/usr/bin:/sbin:/bin:/usr/games:/usr/local/games:/snap/bin:/usr/lib/jvm/java-10-oracle/bin:/usr/lib/jvm/java-10-oracle/db/bin:/usr/lib/jvm/java-10-oracle/bin:/usr/lib/jvm/java-10-oracle/db/bin

Yarn version: 
  1.17.3

Node version: 
  10.15.2

Platform: 
  linux x64

Trace: 
  Error: ENOSPC: no space left on device, copyfile '/home/hhhgohn/.cache/yarn/v4/npm-node-forge-0.7.5-6c152c345ce11c52f465c2abd957e8639cd674df/node_modules/node-forge/lib/tls.js' -> '/home/hhhgohn/Documents/electron-webpack-quick-start/node_modules/node-forge/lib/tls.js'

npm manifest: 
  {
    "name": "electron-webpack-quick-start",
    "version": "0.0.0",
    "license": "MIT",
    "scripts": {
      "dev": "electron-webpack dev",
      "compile": "electron-webpack",
      "dist": "yarn compile && electron-builder",
      "dist:dir": "yarn dist --dir -c.compression=store -c.mac.identity=null"
    },
    "dependencies": {
      "dropzone": "^5.5.1",
      "jquery": "^3.4.1",
      "materialize-css": "^1.0.0",
      "source-map-support": "^0.5.12"
    },
    "devDependencies": {
      "electron": "5.0.6",
      "electron-builder": "^21.0.11",
      "electron-webpack": "^2.7.4",
      "node-sass": "^4.12.0",
      "resolve-url-loader": "^3.1.0",
      "sass-loader": "^8.0.0",
      "css-loader": "^3.2.0",
      "style-loader": "^0.23.1",
      "webpack": "~4.35.3"
    },
    "electronWebpack": {
      "staticSourceDirectory": "src/static",
      "main": {
        "webpackConfig": "custom.additions.webpack.js"
      },
      "renderer": {
        "webpackConfig": "custom.additions.webpack.js"
      }
    }
  }

yarn manifest: 
  No manifest

Lockfile: 
  # THIS IS AN AUTOGENERATED FILE. DO NOT EDIT THIS FILE DIRECTLY.
  # yarn lockfile v1
  
  
  "7zip-bin@~4.1.0":
    version "4.1.0"
    resolved "https://registry.yarnpkg.com/7zip-bin/-/7zip-bin-4.1.0.tgz#33eff662a5c39c0c2061170cc003c5120743fff0"
    integrity sha512-AsnBZN3a8/JcNt+KPkGGODaA4c7l3W5+WpeKgGSbstSLxqWtTXqd1ieJGBQ8IFCtRg8DmmKUcSkIkUc0A4p3YA==
  
  "7zip@0.0.6":
    version "0.0.6"
    resolved "https://registry.yarnpkg.com/7zip/-/7zip-0.0.6.tgz#9cafb171af82329490353b4816f03347aa150a30"
    integrity sha1-nK+xca+CMpSQNTtIFvAzR6oVCjA=
  
  "@babel/code-frame@^7.0.0":
    version "7.0.0"
    resolved "https://registry.yarnpkg.com/@babel/code-frame/-/code-frame-7.0.0.tgz#06e2ab19bdb535385559aabb5ba59729482800f8"
    integrity sha512-OfC2uemaknXr87bdLUkWog7nYuliM9Ij5HUcajsVcMCpQrcLmtxRbVFTIqmcSkSeYRBFBRxs2FiUqFJDLdiebA==
    dependencies:
      "@babel/highlight" "^7.0.0"
  
  "@babel/core@^7.5.0":
    version "7.5.0"
    resolved "https://registry.yarnpkg.com/@babel/core/-/core-7.5.0.tgz#6ed6a2881ad48a732c5433096d96d1b0ee5eb734"
    integrity sha512-6Isr4X98pwXqHvtigw71CKgmhL1etZjPs5A67jL/w0TkLM9eqmFR40YrnJvEc1WnMZFsskjsmid8bHZyxKEAnw==
    dependencies:
      "@babel/code-frame" "^7.0.0"
      "@babel/generator" "^7.5.0"
      "@babel/helpers" "^7.5.0"
      "@babel/parser" "^7.5.0"
      "@babel/template" "^7.4.4"
      "@babel/traverse" "^7.5.0"
      "@babel/types" "^7.5.0"
      convert-source-map "^1.1.0"
      debug "^4.1.0"
      json5 "^2.1.0"
      lodash "^4.17.11"
      resolve "^1.3.2"
      semver "^5.4.1"
      source-map "^0.5.0"
  
  "@babel/generator@^7.5.0":
    version "7.5.0"
    resolved "https://registry.yarnpkg.com/@babel/generator/-/generator-7.5.0.tgz#f20e4b7a91750ee8b63656073d843d2a736dca4a"
    integrity sha512-1TTVrt7J9rcG5PMjvO7VEG3FrEoEJNHxumRq66GemPmzboLWtIjjcJgk8rokuAS7IiRSpgVSu5Vb9lc99iJkOA==
    dependencies:
      "@babel/types" "^7.5.0"
      jsesc "^2.5.1"
      lodash "^4.17.11"
      source-map "^0.5.0"
      trim-right "^1.0.1"
  
  "@babel/helper-annotate-as-pure@^7.0.0":
    version "7.0.0"
    resolved "https://registry.yarnpkg.com/@babel/helper-annotate-as-pure/-/helper-annotate-as-pure-7.0.0.tgz#323d39dd0b50e10c7c06ca7d7638e6864d8c5c32"
    integrity sha512-3UYcJUj9kvSLbLbUIfQTqzcy5VX7GRZ/CCDrnOaZorFFM01aXp1+GJwuFGV4NDDoAS+mOUyHcO6UD/RfqOks3Q==
    dependencies:
      "@babel/types" "^7.0.0"
  
  "@babel/helper-builder-binary-assignment-operator-visitor@^7.1.0":
    version "7.1.0"
    resolved "https://registry.yarnpkg.com/@babel/helper-builder-binary-assignment-operator-visitor/-/helper-builder-binary-assignment-operator-visitor-7.1.0.tgz#6b69628dfe4087798e0c4ed98e3d4a6b2fbd2f5f"
    integrity sha512-qNSR4jrmJ8M1VMM9tibvyRAHXQs2PmaksQF7c1CGJNipfe3D8p+wgNwgso/P2A2r2mdgBWAXljNWR0QRZAMW8w==
    dependencies:
      "@babel/helper-explode-assignable-expression" "^7.1.0"
      "@babel/types" "^7.0.0"
  
  "@babel/helper-call-delegate@^7.4.4":
    version "7.4.4"
    resolved "https://registry.yarnpkg.com/@babel/helper-call-delegate/-/helper-call-delegate-7.4.4.tgz#87c1f8ca19ad552a736a7a27b1c1fcf8b1ff1f43"
    integrity sha512-l79boDFJ8S1c5hvQvG+rc+wHw6IuH7YldmRKsYtpbawsxURu/paVy57FZMomGK22/JckepaikOkY0MoAmdyOlQ==
    dependencies:
      "@babel/helper-hoist-variables" "^7.4.4"
      "@babel/traverse" "^7.4.4"
      "@babel/types" "^7.4.4"
  
  "@babel/helper-define-map@^7.4.4":
    version "7.4.4"
    resolved "https://registry.yarnpkg.com/@babel/helper-define-map/-/helper-define-map-7.4.4.tgz#6969d1f570b46bdc900d1eba8e5d59c48ba2c12a"
    integrity sha512-IX3Ln8gLhZpSuqHJSnTNBWGDE9kdkTEWl21A/K7PQ00tseBwbqCHTvNLHSBd9M0R5rER4h5Rsvj9vw0R5SieBg==
    dependencies:
      "@babel/helper-function-name" "^7.1.0"
      "@babel/types" "^7.4.4"
      lodash "^4.17.11"
  
  "@babel/helper-explode-assignable-expression@^7.1.0":
    version "7.1.0"
    resolved "https://registry.yarnpkg.com/@babel/helper-explode-assignable-expression/-/helper-explode-assignable-expression-7.1.0.tgz#537fa13f6f1674df745b0c00ec8fe4e99681c8f6"
    integrity sha512-NRQpfHrJ1msCHtKjbzs9YcMmJZOg6mQMmGRB+hbamEdG5PNpaSm95275VD92DvJKuyl0s2sFiDmMZ+EnnvufqA==
    dependencies:
      "@babel/traverse" "^7.1.0"
      "@babel/types" "^7.0.0"
  
  "@babel/helper-function-name@^7.1.0":
    version "7.1.0"
    resolved "https://registry.yarnpkg.com/@babel/helper-function-name/-/helper-function-name-7.1.0.tgz#a0ceb01685f73355d4360c1247f582bfafc8ff53"
    integrity sha512-A95XEoCpb3TO+KZzJ4S/5uW5fNe26DjBGqf1o9ucyLyCmi1dXq/B3c8iaWTfBk3VvetUxl16e8tIrd5teOCfGw==
    dependencies:
      "@babel/helper-get-function-arity" "^7.0.0"
      "@babel/template" "^7.1.0"
      "@babel/types" "^7.0.0"
  
  "@babel/helper-get-function-arity@^7.0.0":
    version "7.0.0"
    resolved "https://registry.yarnpkg.com/@babel/helper-get-function-arity/-/helper-get-function-arity-7.0.0.tgz#83572d4320e2a4657263734113c42868b64e49c3"
    integrity sha512-r2DbJeg4svYvt3HOS74U4eWKsUAMRH01Z1ds1zx8KNTPtpTL5JAsdFv8BNyOpVqdFhHkkRDIg5B4AsxmkjAlmQ==
    dependencies:
      "@babel/types" "^7.0.0"
  
  "@babel/helper-hoist-variables@^7.4.4":
    version "7.4.4"
    resolved "https://registry.yarnpkg.com/@babel/helper-hoist-variables/-/helper-hoist-variables-7.4.4.tgz#0298b5f25c8c09c53102d52ac4a98f773eb2850a"
    integrity sha512-VYk2/H/BnYbZDDg39hr3t2kKyifAm1W6zHRfhx8jGjIHpQEBv9dry7oQ2f3+J703TLu69nYdxsovl0XYfcnK4w==
    dependencies:
      "@babel/types" "^7.4.4"
  
  "@babel/helper-member-expression-to-functions@^7.0.0":
    version "7.0.0"
    resolved "https://registry.yarnpkg.com/@babel/helper-member-expression-to-functions/-/helper-member-expression-to-functions-7.0.0.tgz#8cd14b0a0df7ff00f009e7d7a436945f47c7a16f"
    integrity sha512-avo+lm/QmZlv27Zsi0xEor2fKcqWG56D5ae9dzklpIaY7cQMK5N8VSpaNVPPagiqmy7LrEjK1IWdGMOqPu5csg==
    dependencies:
      "@babel/types" "^7.0.0"
  
  "@babel/helper-module-imports@7.0.0-beta.35":
    version "7.0.0-beta.35"
    resolved "https://registry.yarnpkg.com/@babel/helper-module-imports/-/helper-module-imports-7.0.0-beta.35.tgz#308e350e731752cdb4d0f058df1d704925c64e0a"
    integrity sha512-vaC1KyIZSuyWb3Lj277fX0pxivyHwuDU4xZsofqgYAbkDxNieMg2vuhzP5AgMweMY7fCQUMTi+BgPqTLjkxXFg==
    dependencies:
      "@babel/types" "7.0.0-beta.35"
      lodash "^4.2.0"
  
  "@babel/helper